<?xml version="1.0" encoding="UTF-8"?>
<!-- Generated by org.testng.reporters.JUnitReportReporter -->
<testsuite hostname="brahma-PC" name="testNGBasics.BeforeMethodBasics1" tests="2" failures="0" timestamp="26 Apr 2021 21:16:35 GMT" time="0.023" errors="0">
  <testcase name="Test2" time="0.006" classname="testNGBasics.BeforeMethodBasics1"/>
  <testcase name="Test1" time="0.017" classname="testNGBasics.BeforeMethodBasics1"/>
</testsuite> <!-- testNGBasics.BeforeMethodBasics1 -->
